# JRE version: OpenJDK Runtime Environment (8.0_76-b03) (build 1.8.0_76-release-b03)
# Java VM: OpenJDK 64-Bit Server VM (25.76-b03 mixed mode windows-amd64 compressed oops)
Heap:
 PSYoungGen      total 175104K, used 77890K [0x00000000e0000000, 0x00000000ebe00000, 0x0000000100000000)
  eden space 157696K, 45% used [0x00000000e0000000,0x00000000e46c89c0,0x00000000e9a00000)
  from space 17408K, 31% used [0x00000000e9a00000,0x00000000e9f48000,0x00000000eab00000)
  to   space 16896K, 0% used [0x00000000eab00000,0x00000000eab00000,0x00000000ebb80000)
 ParOldGen       total 139776K, used 32794K [0x00000000a0000000, 0x00000000a8880000, 0x00000000e0000000)
  object space 139776K, 23% used [0x00000000a0000000,0x00000000a2006b58,0x00000000a8880000)
 Metaspace       used 61566K, capacity 63342K, committed 63640K, reserved 1103872K
  class space    used 7902K, capacity 8293K, committed 8368K, reserved 1048576K
GC Heap History (10 events):
Event: 49.355 GC heap before
{Heap before GC invocations=17 (full 3):
 PSYoungGen      total 145408K, used 3146K [0x00000000e0000000, 0x00000000ebb80000, 0x0000000100000000)
  eden space 130560K, 2% used [0x00000000e0000000,0x00000000e0312b50,0x00000000e7f80000)
  from space 14848K, 0% used [0x00000000e7f80000,0x00000000e7f80000,0x00000000e8e00000)
  to   space 16896K, 0% used [0x00000000eab00000,0x00000000eab00000,0x00000000ebb80000)
 ParOldGen       total 139776K, used 34827K [0x00000000a0000000, 0x00000000a8880000, 0x00000000e0000000)
  object space 139776K, 24% used [0x00000000a0000000,0x00000000a2202f18,0x00000000a8880000)
 Metaspace       used 57809K, capacity 59252K, committed 59416K, reserved 1101824K
  class space    used 7570K, capacity 7894K, committed 7984K, reserved 1048576K
Event: 49.358 GC heap after
Heap after GC invocations=17 (full 3):
 PSYoungGen      total 174592K, used 331K [0x00000000e0000000, 0x00000000ebe00000, 0x0000000100000000)
  eden space 157696K, 0% used [0x00000000e0000000,0x00000000e0000000,0x00000000e9a00000)
  from space 16896K, 1% used [0x00000000eab00000,0x00000000eab52db0,0x00000000ebb80000)
  to   space 17408K, 0% used [0x00000000e9a00000,0x00000000e9a00000,0x00000000eab00000)
 ParOldGen       total 139776K, used 34827K [0x00000000a0000000, 0x00000000a8880000, 0x00000000e0000000)
  object space 139776K, 24% used [0x00000000a0000000,0x00000000a2202f18,0x00000000a8880000)
 Metaspace       used 57809K, capacity 59252K, committed 59416K, reserved 1101824K
  class space    used 7570K, capacity 7894K, committed 7984K, reserved 1048576K
}
Event: 49.358 GC heap before
{Heap before GC invocations=18 (full 4):
 PSYoungGen      total 174592K, used 331K [0x00000000e0000000, 0x00000000ebe00000, 0x0000000100000000)
  eden space 157696K, 0% used [0x00000000e0000000,0x00000000e0000000,0x00000000e9a00000)
  from space 16896K, 1% used [0x00000000eab00000,0x00000000eab52db0,0x00000000ebb80000)
  to   space 17408K, 0% used [0x00000000e9a00000,0x00000000e9a00000,0x00000000eab00000)
 ParOldGen       total 139776K, used 34827K [0x00000000a0000000, 0x00000000a8880000, 0x00000000e0000000)
  object space 139776K, 24% used [0x00000000a0000000,0x00000000a2202f18,0x00000000a8880000)
 Metaspace       used 57809K, capacity 59252K, committed 59416K, reserved 1101824K
  class space    used 7570K, capacity 7894K, committed 7984K, reserved 1048576K
Event: 49.668 GC heap after
Heap after GC invocations=18 (full 4):
 PSYoungGen      total 174592K, used 0K [0x00000000e0000000, 0x00000000ebe00000, 0x0000000100000000)
  eden space 157696K, 0% used [0x00000000e0000000,0x00000000e0000000,0x00000000e9a00000)
  from space 16896K, 0% used [0x00000000eab00000,0x00000000eab00000,0x00000000ebb80000)
  to   space 17408K, 0% used [0x00000000e9a00000,0x00000000e9a00000,0x00000000eab00000)
 ParOldGen       total 139776K, used 32770K [0x00000000a0000000, 0x00000000a8880000, 0x00000000e0000000)
  object space 139776K, 23% used [0x00000000a0000000,0x00000000a2000b58,0x00000000a8880000)
 Metaspace       used 57809K, capacity 59252K, committed 59416K, reserved 1101824K
  class space    used 7570K, capacity 7894K, committed 7984K, reserved 1048576K
}
Event: 91.170 GC heap before
{Heap before GC invocations=19 (full 4):
 PSYoungGen      total 174592K, used 157696K [0x00000000e0000000, 0x00000000ebe00000, 0x0000000100000000)
  eden space 157696K, 100% used [0x00000000e0000000,0x00000000e9a00000,0x00000000e9a00000)
  from space 16896K, 0% used [0x00000000eab00000,0x00000000eab00000,0x00000000ebb80000)
  to   space 17408K, 0% used [0x00000000e9a00000,0x00000000e9a00000,0x00000000eab00000)
 ParOldGen       total 139776K, used 32770K [0x00000000a0000000, 0x00000000a8880000, 0x00000000e0000000)
  object space 139776K, 23% used [0x00000000a0000000,0x00000000a2000b58,0x00000000a8880000)
 Metaspace       used 58628K, capacity 60120K, committed 60184K, reserved 1101824K
  class space    used 7609K, capacity 7934K, committed 7984K, reserved 1048576K
Event: 91.209 GC heap after
Heap after GC invocations=19 (full 4):
 PSYoungGen      total 175104K, used 11702K [0x00000000e0000000, 0x00000000ebe00000, 0x0000000100000000)
  eden space 157696K, 0% used [0x00000000e0000000,0x00000000e0000000,0x00000000e9a00000)
  from space 17408K, 67% used [0x00000000e9a00000,0x00000000ea56dbb0,0x00000000eab00000)
  to   space 16896K, 0% used [0x00000000eab00000,0x00000000eab00000,0x00000000ebb80000)
 ParOldGen       total 139776K, used 32778K [0x00000000a0000000, 0x00000000a8880000, 0x00000000e0000000)
  object space 139776K, 23% used [0x00000000a0000000,0x00000000a2002b58,0x00000000a8880000)
 Metaspace       used 58628K, capacity 60120K, committed 60184K, reserved 1101824K
  class space    used 7609K, capacity 7934K, committed 7984K, reserved 1048576K
}
Event: 95.869 GC heap before
{Heap before GC invocations=20 (full 4):
 PSYoungGen      total 175104K, used 168428K [0x00000000e0000000, 0x00000000ebe00000, 0x0000000100000000)
  eden space 157696K, 99% used [0x00000000e0000000,0x00000000e990d6e8,0x00000000e9a00000)
  from space 17408K, 67% used [0x00000000e9a00000,0x00000000ea56dbb0,0x00000000eab00000)
  to   space 16896K, 0% used [0x00000000eab00000,0x00000000eab00000,0x00000000ebb80000)
 ParOldGen       total 139776K, used 32778K [0x00000000a0000000, 0x00000000a8880000, 0x00000000e0000000)
  object space 139776K, 23% used [0x00000000a0000000,0x00000000a2002b58,0x00000000a8880000)
 Metaspace       used 60233K, capacity 61892K, committed 62232K, reserved 1103872K
  class space    used 7776K, capacity 8136K, committed 8240K, reserved 1048576K
Event: 95.881 GC heap after
Heap after GC invocations=20 (full 4):
 PSYoungGen      total 174592K, used 6885K [0x00000000e0000000, 0x00000000ebe00000, 0x0000000100000000)
  eden space 157696K, 0% used [0x00000000e0000000,0x00000000e0000000,0x00000000e9a00000)
  from space 16896K, 40% used [0x00000000eab00000,0x00000000eb1b95f8,0x00000000ebb80000)
  to   space 17408K, 0% used [0x00000000e9a00000,0x00000000e9a00000,0x00000000eab00000)
 ParOldGen       total 139776K, used 32786K [0x00000000a0000000, 0x00000000a8880000, 0x00000000e0000000)
  object space 139776K, 23% used [0x00000000a0000000,0x00000000a2004b58,0x00000000a8880000)
 Metaspace       used 60233K, capacity 61892K, committed 62232K, reserved 1103872K
  class space    used 7776K, capacity 8136K, committed 8240K, reserved 1048576K
}
Event: 95.913 GC heap before
{Heap before GC invocations=21 (full 4):
 PSYoungGen      total 174592K, used 163822K [0x00000000e0000000, 0x00000000ebe00000, 0x0000000100000000)
  eden space 157696K, 99% used [0x00000000e0000000,0x00000000e9942530,0x00000000e9a00000)
  from space 16896K, 40% used [0x00000000eab00000,0x00000000eb1b95f8,0x00000000ebb80000)
  to   space 17408K, 0% used [0x00000000e9a00000,0x00000000e9a00000,0x00000000eab00000)
 ParOldGen       total 139776K, used 32786K [0x00000000a0000000, 0x00000000a8880000, 0x00000000e0000000)
  object space 139776K, 23% used [0x00000000a0000000,0x00000000a2004b58,0x00000000a8880000)
 Metaspace       used 60239K, capacity 61892K, committed 62232K, reserved 1103872K
  class space    used 7776K, capacity 8136K, committed 8240K, reserved 1048576K
Event: 95.930 GC heap after
Heap after GC invocations=21 (full 4):
 PSYoungGen      total 175104K, used 5408K [0x00000000e0000000, 0x00000000ebe00000, 0x0000000100000000)
  eden space 157696K, 0% used [0x00000000e0000000,0x00000000e0000000,0x00000000e9a00000)
  from space 17408K, 31% used [0x00000000e9a00000,0x00000000e9f48000,0x00000000eab00000)
  to   space 16896K, 0% used [0x00000000eab00000,0x00000000eab00000,0x00000000ebb80000)
 ParOldGen       total 139776K, used 32794K [0x00000000a0000000, 0x00000000a8880000, 0x00000000e0000000)
  object space 139776K, 23% used [0x00000000a0000000,0x00000000a2006b58,0x00000000a8880000)
 Metaspace       used 60239K, capacity 61892K, committed 62232K, reserved 1103872K
  class space    used 7776K, capacity 8136K, committed 8240K, reserved 1048576K
}

