# JRE version: OpenJDK Runtime Environment (8.0_76-b03) (build 1.8.0_76-release-b03)
# Java VM: OpenJDK 64-Bit Server VM (25.76-b03 mixed mode windows-amd64 compressed oops)
Heap:
 PSYoungGen      total 172544K, used 155966K [0x00000000e0000000, 0x00000000ec880000, 0x0000000100000000)
  eden space 146944K, 91% used [0x00000000e0000000,0x00000000e8386458,0x00000000e8f80000)
  from space 25600K, 83% used [0x00000000eab00000,0x00000000ebfc93c0,0x00000000ec400000)
  to   space 28160K, 0% used [0x00000000e8f80000,0x00000000e8f80000,0x00000000eab00000)
 ParOldGen       total 101888K, used 49069K [0x00000000a0000000, 0x00000000a6380000, 0x00000000e0000000)
  object space 101888K, 48% used [0x00000000a0000000,0x00000000a2feb410,0x00000000a6380000)
 Metaspace       used 68410K, capacity 71602K, committed 71856K, reserved 1112064K
  class space    used 8924K, capacity 9551K, committed 9648K, reserved 1048576K
GC Heap History (10 events):
Event: 1579.325 GC heap before
{Heap before GC invocations=20 (full 4):
 PSYoungGen      total 141312K, used 14908K [0x00000000e0000000, 0x00000000ea200000, 0x0000000100000000)
  eden space 119808K, 0% used [0x00000000e0000000,0x00000000e0000000,0x00000000e7500000)
  from space 21504K, 69% used [0x00000000e8b00000,0x00000000e998f230,0x00000000ea000000)
  to   space 22528K, 0% used [0x00000000e7500000,0x00000000e7500000,0x00000000e8b00000)
 ParOldGen       total 101888K, used 40900K [0x00000000a0000000, 0x00000000a6380000, 0x00000000e0000000)
  object space 101888K, 40% used [0x00000000a0000000,0x00000000a27f1368,0x00000000a6380000)
 Metaspace       used 60817K, capacity 63498K, committed 63792K, reserved 1103872K
  class space    used 8125K, capacity 8700K, committed 8752K, reserved 1048576K
Event: 1579.888 GC heap after
Heap after GC invocations=20 (full 4):
 PSYoungGen      total 141312K, used 0K [0x00000000e0000000, 0x00000000ea200000, 0x0000000100000000)
  eden space 119808K, 0% used [0x00000000e0000000,0x00000000e0000000,0x00000000e7500000)
  from space 21504K, 0% used [0x00000000e8b00000,0x00000000e8b00000,0x00000000ea000000)
  to   space 22528K, 0% used [0x00000000e7500000,0x00000000e7500000,0x00000000e8b00000)
 ParOldGen       total 101888K, used 43380K [0x00000000a0000000, 0x00000000a6380000, 0x00000000e0000000)
  object space 101888K, 42% used [0x00000000a0000000,0x00000000a2a5d230,0x00000000a6380000)
 Metaspace       used 59675K, capacity 61822K, committed 63792K, reserved 1103872K
  class space    used 7918K, capacity 8380K, committed 8752K, reserved 1048576K
}
Event: 1626.882 GC heap before
{Heap before GC invocations=21 (full 4):
 PSYoungGen      total 141312K, used 119808K [0x00000000e0000000, 0x00000000ea200000, 0x0000000100000000)
  eden space 119808K, 100% used [0x00000000e0000000,0x00000000e7500000,0x00000000e7500000)
  from space 21504K, 0% used [0x00000000e8b00000,0x00000000e8b00000,0x00000000ea000000)
  to   space 22528K, 0% used [0x00000000e7500000,0x00000000e7500000,0x00000000e8b00000)
 ParOldGen       total 101888K, used 43380K [0x00000000a0000000, 0x00000000a6380000, 0x00000000e0000000)
  object space 101888K, 42% used [0x00000000a0000000,0x00000000a2a5d230,0x00000000a6380000)
 Metaspace       used 61889K, capacity 64388K, committed 64816K, reserved 1105920K
  class space    used 8173K, capacity 8652K, committed 8752K, reserved 1048576K
Event: 1626.911 GC heap after
Heap after GC invocations=21 (full 4):
 PSYoungGen      total 142336K, used 6391K [0x00000000e0000000, 0x00000000eb180000, 0x0000000100000000)
  eden space 119808K, 0% used [0x00000000e0000000,0x00000000e0000000,0x00000000e7500000)
  from space 22528K, 28% used [0x00000000e7500000,0x00000000e7b3dc90,0x00000000e8b00000)
  to   space 21504K, 0% used [0x00000000e9c80000,0x00000000e9c80000,0x00000000eb180000)
 ParOldGen       total 101888K, used 43388K [0x00000000a0000000, 0x00000000a6380000, 0x00000000e0000000)
  object space 101888K, 42% used [0x00000000a0000000,0x00000000a2a5f230,0x00000000a6380000)
 Metaspace       used 61889K, capacity 64388K, committed 64816K, reserved 1105920K
  class space    used 8173K, capacity 8652K, committed 8752K, reserved 1048576K
}
Event: 1635.630 GC heap before
{Heap before GC invocations=22 (full 4):
 PSYoungGen      total 142336K, used 126199K [0x00000000e0000000, 0x00000000eb180000, 0x0000000100000000)
  eden space 119808K, 100% used [0x00000000e0000000,0x00000000e7500000,0x00000000e7500000)
  from space 22528K, 28% used [0x00000000e7500000,0x00000000e7b3dc90,0x00000000e8b00000)
  to   space 21504K, 0% used [0x00000000e9c80000,0x00000000e9c80000,0x00000000eb180000)
 ParOldGen       total 101888K, used 43388K [0x00000000a0000000, 0x00000000a6380000, 0x00000000e0000000)
  object space 101888K, 42% used [0x00000000a0000000,0x00000000a2a5f230,0x00000000a6380000)
 Metaspace       used 62874K, capacity 65698K, committed 65840K, reserved 1105920K
  class space    used 8330K, capacity 8887K, committed 9008K, reserved 1048576K
Event: 1635.666 GC heap after
Heap after GC invocations=22 (full 4):
 PSYoungGen      total 156160K, used 9377K [0x00000000e0000000, 0x00000000eae80000, 0x0000000100000000)
  eden space 137728K, 0% used [0x00000000e0000000,0x00000000e0000000,0x00000000e8680000)
  from space 18432K, 50% used [0x00000000e9c80000,0x00000000ea5a8728,0x00000000eae80000)
  to   space 20480K, 0% used [0x00000000e8680000,0x00000000e8680000,0x00000000e9a80000)
 ParOldGen       total 101888K, used 43396K [0x00000000a0000000, 0x00000000a6380000, 0x00000000e0000000)
  object space 101888K, 42% used [0x00000000a0000000,0x00000000a2a61230,0x00000000a6380000)
 Metaspace       used 62874K, capacity 65698K, committed 65840K, reserved 1105920K
  class space    used 8330K, capacity 8887K, committed 9008K, reserved 1048576K
}
Event: 1658.931 GC heap before
{Heap before GC invocations=23 (full 4):
 PSYoungGen      total 156160K, used 147105K [0x00000000e0000000, 0x00000000eae80000, 0x0000000100000000)
  eden space 137728K, 100% used [0x00000000e0000000,0x00000000e8680000,0x00000000e8680000)
  from space 18432K, 50% used [0x00000000e9c80000,0x00000000ea5a8728,0x00000000eae80000)
  to   space 20480K, 0% used [0x00000000e8680000,0x00000000e8680000,0x00000000e9a80000)
 ParOldGen       total 101888K, used 43396K [0x00000000a0000000, 0x00000000a6380000, 0x00000000e0000000)
  object space 101888K, 42% used [0x00000000a0000000,0x00000000a2a61230,0x00000000a6380000)
 Metaspace       used 66725K, capacity 69632K, committed 69808K, reserved 1110016K
  class space    used 8714K, capacity 9304K, committed 9392K, reserved 1048576K
Event: 1658.963 GC heap after
Heap after GC invocations=23 (full 4):
 PSYoungGen      total 158208K, used 20454K [0x00000000e0000000, 0x00000000ec400000, 0x0000000100000000)
  eden space 137728K, 0% used [0x00000000e0000000,0x00000000e0000000,0x00000000e8680000)
  from space 20480K, 99% used [0x00000000e8680000,0x00000000e9a799c0,0x00000000e9a80000)
  to   space 25600K, 0% used [0x00000000eab00000,0x00000000eab00000,0x00000000ec400000)
 ParOldGen       total 101888K, used 49061K [0x00000000a0000000, 0x00000000a6380000, 0x00000000e0000000)
  object space 101888K, 48% used [0x00000000a0000000,0x00000000a2fe9410,0x00000000a6380000)
 Metaspace       used 66725K, capacity 69632K, committed 69808K, reserved 1110016K
  class space    used 8714K, capacity 9304K, committed 9392K, reserved 1048576K
}
Event: 1668.488 GC heap before
{Heap before GC invocations=24 (full 4):
 PSYoungGen      total 158208K, used 158182K [0x00000000e0000000, 0x00000000ec400000, 0x0000000100000000)
  eden space 137728K, 100% used [0x00000000e0000000,0x00000000e8680000,0x00000000e8680000)
  from space 20480K, 99% used [0x00000000e8680000,0x00000000e9a799c0,0x00000000e9a80000)
  to   space 25600K, 0% used [0x00000000eab00000,0x00000000eab00000,0x00000000ec400000)
 ParOldGen       total 101888K, used 49061K [0x00000000a0000000, 0x00000000a6380000, 0x00000000e0000000)
  object space 101888K, 48% used [0x00000000a0000000,0x00000000a2fe9410,0x00000000a6380000)
 Metaspace       used 67020K, capacity 69904K, committed 70064K, reserved 1110016K
  class space    used 8719K, capacity 9304K, committed 9392K, reserved 1048576K
Event: 1668.517 GC heap after
Heap after GC invocations=24 (full 4):
 PSYoungGen      total 172544K, used 21284K [0x00000000e0000000, 0x00000000ec880000, 0x0000000100000000)
  eden space 146944K, 0% used [0x00000000e0000000,0x00000000e0000000,0x00000000e8f80000)
  from space 25600K, 83% used [0x00000000eab00000,0x00000000ebfc93c0,0x00000000ec400000)
  to   space 28160K, 0% used [0x00000000e8f80000,0x00000000e8f80000,0x00000000eab00000)
 ParOldGen       total 101888K, used 49069K [0x00000000a0000000, 0x00000000a6380000, 0x00000000e0000000)
  object space 101888K, 48% used [0x00000000a0000000,0x00000000a2feb410,0x00000000a6380000)
 Metaspace       used 67020K, capacity 69904K, committed 70064K, reserved 1110016K
  class space    used 8719K, capacity 9304K, committed 9392K, reserved 1048576K
}

