# JRE version: OpenJDK Runtime Environment (8.0_76-b03) (build 1.8.0_76-release-b03)
# Java VM: OpenJDK 64-Bit Server VM (25.76-b03 mixed mode windows-amd64 compressed oops)
Heap:
 PSYoungGen      total 118272K, used 117946K [0x00000000e0000000, 0x00000000e8b00000, 0x0000000100000000)
  eden space 109568K, 100% used [0x00000000e0000000,0x00000000e6b00000,0x00000000e6b00000)
  from space 8704K, 96% used [0x00000000e8280000,0x00000000e8aaeb78,0x00000000e8b00000)
  to   space 10240K, 100% used [0x00000000e7700000,0x00000000e8100000,0x00000000e8100000)
 ParOldGen       total 92672K, used 22954K [0x00000000a0000000, 0x00000000a5a80000, 0x00000000e0000000)
  object space 92672K, 24% used [0x00000000a0000000,0x00000000a166a990,0x00000000a5a80000)
 Metaspace       used 47272K, capacity 48530K, committed 48688K, reserved 1091584K
  class space    used 6346K, capacity 6645K, committed 6704K, reserved 1048576K
GC Heap History (10 events):
Event: 24.333 GC heap after
Heap after GC invocations=8 (full 1):
 PSYoungGen      total 64512K, used 4915K [0x00000000e0000000, 0x00000000e6a00000, 0x0000000100000000)
  eden space 54272K, 0% used [0x00000000e0000000,0x00000000e0000000,0x00000000e3500000)
  from space 10240K, 48% used [0x00000000e3500000,0x00000000e39cced8,0x00000000e3f00000)
  to   space 9728K, 0% used [0x00000000e6080000,0x00000000e6080000,0x00000000e6a00000)
 ParOldGen       total 61952K, used 11559K [0x00000000a0000000, 0x00000000a3c80000, 0x00000000e0000000)
  object space 61952K, 18% used [0x00000000a0000000,0x00000000a0b49db0,0x00000000a3c80000)
 Metaspace       used 27757K, capacity 28194K, committed 28592K, reserved 1073152K
  class space    used 3780K, capacity 3901K, committed 4016K, reserved 1048576K
}
Event: 26.201 GC heap before
{Heap before GC invocations=9 (full 1):
 PSYoungGen      total 64512K, used 59187K [0x00000000e0000000, 0x00000000e6a00000, 0x0000000100000000)
  eden space 54272K, 100% used [0x00000000e0000000,0x00000000e3500000,0x00000000e3500000)
  from space 10240K, 48% used [0x00000000e3500000,0x00000000e39cced8,0x00000000e3f00000)
  to   space 9728K, 0% used [0x00000000e6080000,0x00000000e6080000,0x00000000e6a00000)
 ParOldGen       total 61952K, used 11559K [0x00000000a0000000, 0x00000000a3c80000, 0x00000000e0000000)
  object space 61952K, 18% used [0x00000000a0000000,0x00000000a0b49db0,0x00000000a3c80000)
 Metaspace       used 30636K, capacity 31156K, committed 31536K, reserved 1077248K
  class space    used 4128K, capacity 4275K, committed 4400K, reserved 1048576K
Event: 26.219 GC heap after
Heap after GC invocations=9 (full 1):
 PSYoungGen      total 98304K, used 7173K [0x00000000e0000000, 0x00000000e6b00000, 0x0000000100000000)
  eden space 88576K, 0% used [0x00000000e0000000,0x00000000e0000000,0x00000000e5680000)
  from space 9728K, 73% used [0x00000000e6080000,0x00000000e67816a8,0x00000000e6a00000)
  to   space 10240K, 0% used [0x00000000e5680000,0x00000000e5680000,0x00000000e6080000)
 ParOldGen       total 61952K, used 11567K [0x00000000a0000000, 0x00000000a3c80000, 0x00000000e0000000)
  object space 61952K, 18% used [0x00000000a0000000,0x00000000a0b4bdb0,0x00000000a3c80000)
 Metaspace       used 30636K, capacity 31156K, committed 31536K, reserved 1077248K
  class space    used 4128K, capacity 4275K, committed 4400K, reserved 1048576K
}
Event: 27.418 GC heap before
{Heap before GC invocations=10 (full 1):
 PSYoungGen      total 98304K, used 66510K [0x00000000e0000000, 0x00000000e6b00000, 0x0000000100000000)
  eden space 88576K, 66% used [0x00000000e0000000,0x00000000e39f2238,0x00000000e5680000)
  from space 9728K, 73% used [0x00000000e6080000,0x00000000e67816a8,0x00000000e6a00000)
  to   space 10240K, 0% used [0x00000000e5680000,0x00000000e5680000,0x00000000e6080000)
 ParOldGen       total 61952K, used 11567K [0x00000000a0000000, 0x00000000a3c80000, 0x00000000e0000000)
  object space 61952K, 18% used [0x00000000a0000000,0x00000000a0b4bdb0,0x00000000a3c80000)
 Metaspace       used 34446K, capacity 35128K, committed 35496K, reserved 1079296K
  class space    used 4611K, capacity 4785K, committed 4912K, reserved 1048576K
Event: 27.434 GC heap after
Heap after GC invocations=10 (full 1):
 PSYoungGen      total 98816K, used 7016K [0x00000000e0000000, 0x00000000e8c00000, 0x0000000100000000)
  eden space 88576K, 0% used [0x00000000e0000000,0x00000000e0000000,0x00000000e5680000)
  from space 10240K, 68% used [0x00000000e5680000,0x00000000e5d5a340,0x00000000e6080000)
  to   space 9728K, 0% used [0x00000000e8280000,0x00000000e8280000,0x00000000e8c00000)
 ParOldGen       total 61952K, used 14211K [0x00000000a0000000, 0x00000000a3c80000, 0x00000000e0000000)
  object space 61952K, 22% used [0x00000000a0000000,0x00000000a0de0df8,0x00000000a3c80000)
 Metaspace       used 34446K, capacity 35128K, committed 35496K, reserved 1079296K
  class space    used 4611K, capacity 4785K, committed 4912K, reserved 1048576K
}
Event: 27.434 GC heap before
{Heap before GC invocations=11 (full 2):
 PSYoungGen      total 98816K, used 7016K [0x00000000e0000000, 0x00000000e8c00000, 0x0000000100000000)
  eden space 88576K, 0% used [0x00000000e0000000,0x00000000e0000000,0x00000000e5680000)
  from space 10240K, 68% used [0x00000000e5680000,0x00000000e5d5a340,0x00000000e6080000)
  to   space 9728K, 0% used [0x00000000e8280000,0x00000000e8280000,0x00000000e8c00000)
 ParOldGen       total 61952K, used 14211K [0x00000000a0000000, 0x00000000a3c80000, 0x00000000e0000000)
  object space 61952K, 22% used [0x00000000a0000000,0x00000000a0de0df8,0x00000000a3c80000)
 Metaspace       used 34446K, capacity 35128K, committed 35496K, reserved 1079296K
  class space    used 4611K, capacity 4785K, committed 4912K, reserved 1048576K
Event: 27.575 GC heap after
Heap after GC invocations=11 (full 2):
 PSYoungGen      total 98816K, used 0K [0x00000000e0000000, 0x00000000e8c00000, 0x0000000100000000)
  eden space 88576K, 0% used [0x00000000e0000000,0x00000000e0000000,0x00000000e5680000)
  from space 10240K, 0% used [0x00000000e5680000,0x00000000e5680000,0x00000000e6080000)
  to   space 9728K, 0% used [0x00000000e8280000,0x00000000e8280000,0x00000000e8c00000)
 ParOldGen       total 92672K, used 16412K [0x00000000a0000000, 0x00000000a5a80000, 0x00000000e0000000)
  object space 92672K, 17% used [0x00000000a0000000,0x00000000a1007378,0x00000000a5a80000)
 Metaspace       used 34446K, capacity 35128K, committed 35496K, reserved 1079296K
  class space    used 4611K, capacity 4785K, committed 4912K, reserved 1048576K
}
Event: 30.247 GC heap before
{Heap before GC invocations=12 (full 2):
 PSYoungGen      total 98816K, used 88576K [0x00000000e0000000, 0x00000000e8c00000, 0x0000000100000000)
  eden space 88576K, 100% used [0x00000000e0000000,0x00000000e5680000,0x00000000e5680000)
  from space 10240K, 0% used [0x00000000e5680000,0x00000000e5680000,0x00000000e6080000)
  to   space 9728K, 0% used [0x00000000e8280000,0x00000000e8280000,0x00000000e8c00000)
 ParOldGen       total 92672K, used 16412K [0x00000000a0000000, 0x00000000a5a80000, 0x00000000e0000000)
  object space 92672K, 17% used [0x00000000a0000000,0x00000000a1007378,0x00000000a5a80000)
 Metaspace       used 41409K, capacity 42246K, committed 42672K, reserved 1085440K
  class space    used 5515K, capacity 5699K, committed 5808K, reserved 1048576K
Event: 30.260 GC heap after
Heap after GC invocations=12 (full 2):
 PSYoungGen      total 118272K, used 8378K [0x00000000e0000000, 0x00000000e8b00000, 0x0000000100000000)
  eden space 109568K, 0% used [0x00000000e0000000,0x00000000e0000000,0x00000000e6b00000)
  from space 8704K, 96% used [0x00000000e8280000,0x00000000e8aaeb78,0x00000000e8b00000)
  to   space 10240K, 0% used [0x00000000e7700000,0x00000000e7700000,0x00000000e8100000)
 ParOldGen       total 92672K, used 16484K [0x00000000a0000000, 0x00000000a5a80000, 0x00000000e0000000)
  object space 92672K, 17% used [0x00000000a0000000,0x00000000a1019388,0x00000000a5a80000)
 Metaspace       used 41409K, capacity 42246K, committed 42672K, reserved 1085440K
  class space    used 5515K, capacity 5699K, committed 5808K, reserved 1048576K
}
Event: 33.552 GC heap before
{Heap before GC invocations=13 (full 2):
 PSYoungGen      total 118272K, used 117946K [0x00000000e0000000, 0x00000000e8b00000, 0x0000000100000000)
  eden space 109568K, 100% used [0x00000000e0000000,0x00000000e6b00000,0x00000000e6b00000)
  from space 8704K, 96% used [0x00000000e8280000,0x00000000e8aaeb78,0x00000000e8b00000)
  to   space 10240K, 0% used [0x00000000e7700000,0x00000000e7700000,0x00000000e8100000)
 ParOldGen       total 92672K, used 16484K [0x00000000a0000000, 0x00000000a5a80000, 0x00000000e0000000)
  object space 92672K, 17% used [0x00000000a0000000,0x00000000a1019388,0x00000000a5a80000)
 Metaspace       used 47272K, capacity 48530K, committed 48688K, reserved 1091584K
  class space    used 6346K, capacity 6645K, committed 6704K, reserved 1048576K

